<?xml version="1.0" encoding="UTF-8"?>
<!-- Generated by org.testng.reporters.JUnitReportReporter -->
<testsuite hostname="Dawid" name="MainTests.RegistrationTest" tests="1" failures="0" timestamp="13 Feb 2018 18:57:42 GMT" time="17.786" errors="0">
  <testcase name="testLoginRegistrationPage" time="17.786" classname="MainTests.RegistrationTest"/>
</testsuite> <!-- MainTests.RegistrationTest -->
